Arguments: 
  C:\Program Files\nodejs\node.exe C:\Program Files (x86)\Yarn\bin\yarn.js start

PATH: 
  C:\Program Files\Git\home\Marie\.local\bin;C:\Program Files\Git\mingw64\bin;C:\Program Files\Git\usr\local\bin;C:\Program Files\Git\usr\bin;C:\Program Files\Git\usr\bin;C:\Program Files\Git\mingw64\bin;C:\Program Files\Git\usr\bin;C:\Program Files\Git\home\Marie\.local\bin;C:\WINDOWS\system32;C:\WINDOWS;C:\WINDOWS\System32\Wbem;C:\WINDOWS\System32\WindowsPowerShell\v1.0;C:\WINDOWS\System32\OpenSSH;C:\Program Files\Microsoft VS Code\bin;C:\Program Files\nodejs;C:\Program Files (x86)\Yarn\bin;C:\Program Files\dotnet;C:\Program Files\Git\cmd;C:\Users\Marie\AppData\Local\Programs\Python\Python37\Scripts;C:\Users\Marie\AppData\Local\Programs\Python\Python37;C:\Users\Marie\AppData\Local\Microsoft\WindowsApps;C:\Users\Marie\.babun;C:\Program Files\Microsoft VS Code\bin;C:\Users\Marie\AppData\Roaming\npm;C:\Users\Marie\AppData\Local\Yarn\bin;C:\Program Files\Git\usr\bin\vendor_perl;C:\Program Files\Git\usr\bin\core_perl;c\Python34\

Yarn version: 
  1.9.4

Node version: 
  10.8.0

Platform: 
  win32 x64

Trace: 
  SyntaxError: C:\Users\Marie\workspace\Foxy\package.json: Unexpected token / in JSON at position 1209
      at JSON.parse (<anonymous>)
      at C:\Program Files (x86)\Yarn\lib\cli.js:1130:59
      at Generator.next (<anonymous>)
      at step (C:\Program Files (x86)\Yarn\lib\cli.js:92:30)
      at C:\Program Files (x86)\Yarn\lib\cli.js:103:13

npm manifest: 
  {
    "name": "boilerplate-react-webpack",
    "version": "0.2.1",
    "description": "A webpack React starter",
    "repository": "https://github.com/dev-academy-challenges/boilerplate-react-webpack.git",
    "main": "server/index.js",
    "author": "EDA",
    "license": "ISC",
    "scripts": {
      "start": "node server",
      "postinstall": "webpack",
      "webpack": "webpack --watch",
      "dev": "nodemon server",
      "test": "jest --watchAll"
    },
    "babel": {
      "presets": [
        "env",
        "react"
      ],
      "plugins": [
        "transform-class-properties"
      ]
    },
    "jest": {
      "verbose": true,
      "testURL": "http://localhost/",
      "setupFiles": [
        "./tests/setup.js"
      ]
    },
    "dependencies": {
      "babel-core": "^6.26.0",
      "babel-loader": "^7.1.2",
      "babel-plugin-transform-class-properties": "^6.24.1",
      "babel-preset-env": "^1.6.1",
      "babel-preset-react": "^6.24.1",
      "express": "^4.16.2",
      "http": "^0.0.0",
      "knex": "^0.15.2",
      "pg": "^7.4.3",
      "react": "^16.0",
      "react-dom": "^16.5.2",
      "react-redux": "^5.0.7",
      "react-thunk": "^1",
      "redux": "^4.0.0",
      "redux-thunk": "^2.3.0",
      "socket.io": "^2.1.1",
      "socket.io-client": "^2.1.1",
      // "sodium": "^2.0.3",
      "superagent": "^3.8.3",
      "webpack": "^3.0"
    },
    "devDependencies": {
      "enzyme": "^3.6.0",
      "enzyme-adapter-react-16": "^1.1.1",
      "jest": "^22.1.4",
      "nodemon": "^1.18.4",
      "sqlite3": "^4.0.2"
    }
  }

yarn manifest: 
  No manifest

Lockfile: 
  No lockfile
